<?xml version="1.0" encoding="UTF-8"?>
<!-- Generated by org.testng.reporters.JUnitReportReporter -->
<testsuite hostname="DESKTOP-R646QC9" failures="0" tests="3" name="baseclassimplementation.CreateContactTest" time="56.114" errors="0" timestamp="2024-09-30T15:51:44 IST" skipped="0">
  <testcase classname="baseclassimplementation.CreateContactTest" name="createcontactWithOrgTest" time="25.144"/>
  <system-out/>
  <testcase classname="baseclassimplementation.CreateContactTest" name="createContactTest" time="15.541"/>
  <system-out/>
  <testcase classname="baseclassimplementation.CreateContactTest" name="createcontactwithSupportDateTest" time="15.429"/>
  <system-out/>
</testsuite> <!-- baseclassimplementation.CreateContactTest -->
